Arguments: 
  C:\Users\SAM\.atri\webapp-builder-win.exe.v0.0.88 C:\snapshot\webapp-builder\node_modules\yarn\bin\yarn.js install

PATH: 
  C:\Users\SAM\.virtualenvs\Atri-labs-j8y_Z9sB\Scripts;C:\Program Files (x86)\Common Files\Oracle\Java\javapath;C:\Windows\system32;C:\Windows;C:\Windows\System32\Wbem;C:\Windows\System32\WindowsPowerShell\v1.0\;C:\Windows\System32\OpenSSH\;C:\Program Files\nodejs\;C:\Program Files\Git\cmd;C:\Program Files\NVIDIA Corporation\NVIDIA NvDLISR;C:\Program Files (x86)\NVIDIA Corporation\PhysX\Common;C:\Program Files\Docker\Docker\resources\bin;C:\ProgramData\DockerDesktop\version-bin;C:\minikube;C:\ProgramData\chocolatey\bin;C:\Program Files\Java\jdk1.8.0_202\bin;C:\Program Files\Go\bin;C:\Terraform;C:\msys64\mingw64\bin;C:\Program Files\PuTTY\;C:\ProgramData\chocolatey\lib\pulumi\tools\Pulumi\bin;C:\Program Files (x86)\Pulumi\;C:\Users\SAM\AppData\Roaming\Python\Python310\site-packages;C:\Users\SAM\AppData\Roaming\Python\Python310\Scripts;C:\Users\SAM\AppData\Local\Programs\Python\Python310\Scripts\;C:\Users\SAM\AppData\Local\Programs\Python\Python310\;C:\Users\SAM\AppData\Local\Microsoft\WindowsApps;;C:\Users\SAM\AppData\Local\Programs\Microsoft VS Code\bin;C:\Users\SAM\AppData\Roaming\npm;C:\Users\SAM\.kubescape;C:\Users\SAM\go\bin

Yarn version: 
  1.22.19

Node version: 
  16.16.0

Platform: 
  win32 x64

Trace: 
  Error: EPERM: operation not permitted, unlink 'C:\Users\SAM\AppData\Local\Yarn\Cache\v6\npm-@atrilabs-app-scripts-0.0.88-9c2b3cf7696c2a83c3f175948cbd7119d44ddc9d-integrity\node_modules\@atrilabs\app-scripts\.yarn-tarball.tgz'

npm manifest: 
  {
    "name": "atri-react-app-template",
    "version": "0.0.0",
    "private": "true",
    "scripts": {
      "buildApp": "atri-react-app-build-app",
      "buildAppNode": "atri-react-app-build-server",
      "buildServer": "cd server && tsc",
      "build": "yarn run buildApp && yarn run buildAppNode",
      "devServer": "node dist/server/index.js --dev",
      "server": "node dist/server/index.js",
      "dev": "atri-react-app-dev-server"
    },
    "dependencies": {
      "@atrilabs/app-scripts": "^0.0.88",
      "@atrilabs/core": "^0.0.88",
      "chokidar": "^3.5.3",
      "http-proxy-middleware": "^2.0.6",
      "react": "18.0.0",
      "react-dom": "18.0.0",
      "react-router-dom": "^6.3.0",
      "ws": "^8.8.0",
      "zustand": "^4.0.0-rc.1",
      "@atrilabs/react-component-manifests": "^0.0.88"
    },
    "devDependencies": {
      "eslint-config-prettier": "^8.5.0",
      "eslint-config-react-app": "^7.0.1"
    }
  }

yarn manifest: 
  No manifest

Lockfile: 
  No lockfile
